Что нового

- убран чекбокс "Клиент Sirris-а", т.к. под Юнити бот не работает!

- актуализированы все специалисты: 
       генералы Мороз, Громогласка, Чудесная, Решительный
	   разведчики Добродушный (заменена ошибочная иконка), Заботливая, Пират, Пухлохолмс и Королевский, 
	   геологи Мумия и Пряник.

- оптимизирована работа с Телеграм-ботом. Оповещения должны приходить более стабильно. Команда "Сообщение=" с параметром 2 будет дублировать сообщения в Телеграм, если оповещения включены.

- во всплывающее сообщение добавлен номер строки, на которой нажата Пауза (https://github.com/jemxx/autobot/issues/74), если в скрипте используется команда Ждем, то на GUI появляется счетчик обратного отсчета (в сек).

- в команду "НажатьКлавишу" добавлены новые параметры: латинская заглавная E (ENTER), функциональные клавиши F2 - F6 и сочетание Ctrl + функциональные клавиши Ctrl + F2 - Ctrl + F6, для признака нажатия клавиши Ctrl пишите латинскую заглавную C. Все без кавычек!
	Формат написания
		НажатьКлавишу=F4 отправит нажатие клавиши F4 в клиента 
		НажатьКлавишу=CF4 отправит нажатие клавиши Ctrl + F4 в клиента
		НажатьКлавишу=E отправит нажатие клавиши ENTER в клиента 

- заменены все ошибочные рабочие картинки, когда вместо bmp был файл png с неверным расширением.

- заменены картинки othod.bmp и othod_.bmp (были png с неверным расширением), для корректной работы команды ВыбратьПоКоординатамИотступить

- изменен формат команд "ПринятьПриглашение" и "ОтправитьПриглашение"
	формат написания 
		ПринятьПриглашение=картинка_открытого_приключения.bmp 
	формат исправлен для того, чтобы реализовать закрытие "зависшего" прикла, из-за которого нельзя было принять новое приглашение (https://github.com/jemxx/autobot/issues/82 и https://github.com/jemxx/autobot/issues/78);
	формат написания  
		ОтправитьПриглашение=картинка_открытого_приключения.bmp,картинка_ника.bmp,первая_буква_ника
	третий параметр (первая_буква_ника) может содержать больше одной буквы для более точно фильтра списка друзей. ВАЖНО! Функция может не работать, если в системе не стандартная пара раскладок клавиатуры (RU/EN), а какая-то другая, например, украинская вместо русской или немецкая вместо US английской. Также фильтр не будет работать, если установлены какие-то сторонние утилиты для смены раскладок, например фонетическая.


- прикручена отправка спецов через быстрые клавиши F3/F4 в портабл версии Sirris-а с меню  
	Формат команды
		Поиски=0,Р,10,300,Expl.txt
	  или 
		Поиски=0,Г,10,Geo.txt

Первый параметр: 0 - стопаться если есть неназначенные задания, 1 - не стопаться если есть неназначенные задания
Второй параметр: русские буквы Р - для разведов или Г - для геологов
Третий параметр - время на загрузку шаблона в секундах - сколько времени ждать загрузки файла с шаблоном, подбирайте по себя. 
Четвертый параметр - сколько ждать (в секундах) до выполнения следующей команды - т.е. это время на отправку всех спецов. Ожидание включится только если есть кого отправлять, чтобы не тратить время на случай если некого слать.
Пятый параметр - файл с шаблоном. Обязательно пишем полностью, с расширением если оно есть. Команда понимает полный путь, можно написать 
Поиски=1,Р,10,300,D:\Expl.txt
В имени шаблона избегайте пробелов и знаков типа +,-,: и подобных. Если нужно отделить слова - используйте _ 


ФильтрЗвезды - для фильтрации содержимого Звездного меню
	Написание 
		ФильтрЗвезды=текст,Закрыть 
	где 
	текст - строка, по которой отфильтруется звезда, можно указывать | для объединения нескольких строк, например "Вар|Нус" покажет только Варгуса и Нусалу. Чем больше символов, тем дольше будет выполняться команда. Для сброса фильтра укажите пустую строку, т.е. между знаком равенства (=) и запятой (,) не должно быть никаких символов   		
		ФильтрЗвезды=,Закрыть
	Закрыть - 1 закрывает звездное меню, 0 не закрывает звездное меню. 	
Фильтр будет работать ошибочно, если установлены какие-то сторонние утилиты для смены раскладок, например фонетическая.

- исправлены все замеченные с релиза 0.24 ошибки и оптимизирован исходный код
	- попытался понять чужую кривую логики и исправить ее, но не факт, что справился. Ошибка описана на mytso.ru "Бот не видит (команда ЖдемГенерала) или не набирает (например, командой Набрать) генерала, который расположен на 2м экране звезды. Чаще всего это автобус (Клаус, Интендант, Золотой Интендант). На команду ЖдемГенерала бесконечно перелистывает звезду с начала, а на команду Набрать вываливается с ошибкой." (https://github.com/jemxx/autobot/issues/71)
	- поправлены отчеты в телеграмм (https://github.com/jemxx/autobot/issues/73) 
	- добавлена пропавшая картинка для сбора почты, сбор почты вроде заработал корректно (https://github.com/jemxx/autobot/issues/80)
	- поправлены ошибки бесконечного ожидания генерала для набора/атаки/перемещения, если он высадился в звезду (https://github.com/jemxx/autobot/issues/70) 
	- добавлено больше листаний звезды в "Стрельнуть"
    	- исправлена ошибка, когда бот не набирал армию в генерала на локализациях, отличных от ru-зоны
	- если бот завис при закрытии прикла на сообщении "загрузка карты", то он остановится и вывалится ошибка.  
    	- изменено "убегание курсора" наверх налево, теперь он убегает не в точку (5,5), а в точку (50,50). У бота появилось меню, и иногда нужно убегать именно в границах окна именно с игровой картой.
	- актуализирована справка Команды_Автобота.html
	
   